<?xml version="1.0" encoding="UTF-8"?>
<testsuite xmlns:xsi="http://www.w3.org/2001/XMLSchema-instance" xsi:noNamespaceSchemaLocation="https://maven.apache.org/surefire/maven-surefire-plugin/xsd/surefire-test-report-3.0.xsd" version="3.0" name="BunTest" time="0.001" tests="6" errors="0" skipped="0" failures="0">
  <properties>
[...]
</properties>
  <testcase name="getPriceTest[Тест: название булочки [black bun], цена булочки [100]]" classname="BunTest" time="0.0"/>
  <testcase name="getNameTest[Тест: название булочки [black bun], цена булочки [100]]" classname="BunTest" time="0.0"/>
  <testcase name="getPriceTest[Тест: название булочки [white bun], цена булочки [200]]" classname="BunTest" time="0.0"/>
  <testcase name="getNameTest[Тест: название булочки [white bun], цена булочки [200]]" classname="BunTest" time="0.0"/>
  <testcase name="getPriceTest[Тест: название булочки [red bun], цена булочки [300]]" classname="BunTest" time="0.0"/>
  <testcase name="getNameTest[Тест: название булочки [red bun], цена булочки [300]]" classname="BunTest" time="0.0"/>
</testsuite>